<?xml version="1.0" encoding="UTF-8" ?>
<testsuite tests="1" failures="0" name="org.eyesky.back.UserRepositoryTest" time="0.379" errors="0" skipped="1">
  <properties>
[...]
</properties>
  <testcase classname="org.eyesky.back.UserRepositoryTest" name="testCreateUser" time="0.379">
    <skipped/>
    <system-out>02:32:04.202 [main] DEBUG org.springframework.test.context.junit4.SpringJUnit4ClassRunner - SpringJUnit4ClassRunner constructor called with [class org.eyesky.back.UserRepositoryTest]
02:32:04.206 [main] DEBUG org.springframework.test.context.BootstrapUtils - Instantiating CacheAwareContextLoaderDelegate from class [org.springframework.test.context.cache.DefaultCacheAwareContextLoaderDelegate]
02:32:04.211 [main] DEBUG org.springframework.test.context.BootstrapUtils - Instantiating BootstrapContext using constructor [public org.springframework.test.context.support.DefaultBootstrapContext(java.lang.Class,org.springframework.test.context.CacheAwareContextLoaderDelegate)]
02:32:04.238 [main] DEBUG org.springframework.test.context.BootstrapUtils - Instantiating TestContextBootstrapper for test class [org.eyesky.back.UserRepositoryTest] from class [org.springframework.boot.test.context.SpringBootTestContextBootstrapper]
02:32:04.250 [main] INFO org.springframework.boot.test.context.SpringBootTestContextBootstrapper - Neither @ContextConfiguration nor @ContextHierarchy found for test class [org.eyesky.back.UserRepositoryTest], using SpringBootContextLoader
02:32:04.253 [main] DEBUG org.springframework.test.context.support.AbstractContextLoader - Did not detect default resource location for test class [org.eyesky.back.UserRepositoryTest]: class path resource [org/eyesky/back/UserRepositoryTest-context.xml] does not exist
02:32:04.253 [main] DEBUG org.springframework.test.context.support.AbstractContextLoader - Did not detect default resource location for test class [org.eyesky.back.UserRepositoryTest]: class path resource [org/eyesky/back/UserRepositoryTestContext.groovy] does not exist
02:32:04.253 [main] INFO org.springframework.test.context.support.AbstractContextLoader - Could not detect default resource locations for test class [org.eyesky.back.UserRepositoryTest]: no resource found for suffixes {-context.xml, Context.groovy}.
02:32:04.253 [main] INFO org.springframework.test.context.support.AnnotationConfigContextLoaderUtils - Could not detect default configuration classes for test class [org.eyesky.back.UserRepositoryTest]: UserRepositoryTest does not declare any static, non-private, non-final, nested classes annotated with @Configuration.
02:32:04.285 [main] DEBUG org.springframework.test.context.support.ActiveProfilesUtils - Could not find an &apos;annotation declaring class&apos; for annotation type [org.springframework.test.context.ActiveProfiles] and class [org.eyesky.back.UserRepositoryTest]
02:32:04.354 [main] DEBUG org.springframework.context.annotation.ClassPathScanningCandidateComponentProvider - Identified candidate component class: file [D:\dev\projects\EyeSky\Back\packaging\target\classes\org\eyesky\back\Application.class]
02:32:04.355 [main] INFO org.springframework.boot.test.context.SpringBootTestContextBootstrapper - Found @SpringBootConfiguration org.eyesky.back.Application for test class org.eyesky.back.UserRepositoryTest
02:32:04.429 [main] DEBUG org.springframework.boot.test.context.SpringBootTestContextBootstrapper - @TestExecutionListeners is not present for class [org.eyesky.back.UserRepositoryTest]: using defaults.
02:32:04.430 [main] INFO org.springframework.boot.test.context.SpringBootTestContextBootstrapper - Loaded default TestExecutionListener class names from location [META-INF/spring.factories]: [org.springframework.boot.test.mock.mockito.MockitoTestExecutionListener, org.springframework.boot.test.mock.mockito.ResetMocksTestExecutionListener, org.springframework.boot.test.autoconfigure.restdocs.RestDocsTestExecutionListener, org.springframework.boot.test.autoconfigure.web.client.MockRestServiceServerResetTestExecutionListener, org.springframework.boot.test.autoconfigure.web.servlet.MockMvcPrintOnlyOnFailureTestExecutionListener, org.springframework.boot.test.autoconfigure.web.servlet.WebDriverTestExecutionListener, org.springframework.boot.test.autoconfigure.webservices.client.MockWebServiceServerTestExecutionListener, org.springframework.test.context.web.ServletTestExecutionListener, org.springframework.test.context.support.DirtiesContextBeforeModesTestExecutionListener, org.springframework.test.context.support.DependencyInjectionTestExecutionListener, org.springframework.test.context.support.DirtiesContextTestExecutionListener, org.springframework.test.context.transaction.TransactionalTestExecutionListener, org.springframework.test.context.jdbc.SqlScriptsTestExecutionListener, org.springframework.test.context.event.EventPublishingTestExecutionListener]
02:32:04.443 [main] INFO org.springframework.boot.test.context.SpringBootTestContextBootstrapper - Using TestExecutionListeners: [org.springframework.test.context.web.ServletTestExecutionListener@2638011, org.springframework.test.context.support.DirtiesContextBeforeModesTestExecutionListener@6ff29830, org.springframework.boot.test.mock.mockito.MockitoTestExecutionListener@6a2b953e, org.springframework.boot.test.autoconfigure.SpringBootDependencyInjectionTestExecutionListener@313b2ea6, org.springframework.test.context.support.DirtiesContextTestExecutionListener@2f465398, org.springframework.test.context.transaction.TransactionalTestExecutionListener@548e6d58, org.springframework.test.context.jdbc.SqlScriptsTestExecutionListener@623a8092, org.springframework.test.context.event.EventPublishingTestExecutionListener@a1cdc6d, org.springframework.boot.test.mock.mockito.ResetMocksTestExecutionListener@175b9425, org.springframework.boot.test.autoconfigure.restdocs.RestDocsTestExecutionListener@3098cf3b, org.springframework.boot.test.autoconfigure.web.client.MockRestServiceServerResetTestExecutionListener@610f7aa, org.springframework.boot.test.autoconfigure.web.servlet.MockMvcPrintOnlyOnFailureTestExecutionListener@6a03bcb1, org.springframework.boot.test.autoconfigure.web.servlet.WebDriverTestExecutionListener@21b2e768, org.springframework.boot.test.autoconfigure.webservices.client.MockWebServiceServerTestExecutionListener@57250572]
02:32:04.444 [main] DEBUG org.springframework.test.annotation.ProfileValueUtils - Retrieved @ProfileValueSourceConfiguration [null] for test class [org.eyesky.back.UserRepositoryTest]
02:32:04.445 [main] DEBUG org.springframework.test.annotation.ProfileValueUtils - Retrieved ProfileValueSource type [class org.springframework.test.annotation.SystemProfileValueSource] for class [org.eyesky.back.UserRepositoryTest]
02:32:04.446 [main] DEBUG org.springframework.test.annotation.ProfileValueUtils - Retrieved @ProfileValueSourceConfiguration [null] for test class [org.eyesky.back.UserRepositoryTest]
02:32:04.446 [main] DEBUG org.springframework.test.annotation.ProfileValueUtils - Retrieved ProfileValueSource type [class org.springframework.test.annotation.SystemProfileValueSource] for class [org.eyesky.back.UserRepositoryTest]
02:32:04.446 [main] DEBUG org.springframework.test.annotation.ProfileValueUtils - Retrieved @ProfileValueSourceConfiguration [null] for test class [org.eyesky.back.UserRepositoryTest]
02:32:04.446 [main] DEBUG org.springframework.test.annotation.ProfileValueUtils - Retrieved ProfileValueSource type [class org.springframework.test.annotation.SystemProfileValueSource] for class [org.eyesky.back.UserRepositoryTest]
02:32:04.447 [main] DEBUG org.springframework.test.annotation.ProfileValueUtils - Retrieved @ProfileValueSourceConfiguration [null] for test class [org.eyesky.back.UserRepositoryTest]
02:32:04.447 [main] DEBUG org.springframework.test.annotation.ProfileValueUtils - Retrieved ProfileValueSource type [class org.springframework.test.annotation.SystemProfileValueSource] for class [org.eyesky.back.UserRepositoryTest]
</system-out>
  </testcase>
</testsuite>